2019-06-01 20:20:17,633, INFO: Using device: cuda:0
2019-06-01 20:20:20,185, INFO: Starting imitation learning on 15000 training episodes and 1000 validation episodes
2019-06-01 20:26:33,464, INFO: TRAIN has success rate: 1.00, collision rate: 0.00, nav time: 9.97, total reward: 0.6694
2019-06-01 20:28:24,007, DEBUG: Average loss on validation set on epoch 00: 4.13E-03
2019-06-01 20:28:24,008, DEBUG: Average loss on test set on epoch 00: 1.18E-02
2019-06-01 20:30:16,114, DEBUG: Average loss on validation set on epoch 01: 2.94E-03
2019-06-01 20:30:16,115, DEBUG: Average loss on test set on epoch 01: 3.49E-03
2019-06-01 20:32:08,545, DEBUG: Average loss on validation set on epoch 02: 2.61E-03
2019-06-01 20:32:08,546, DEBUG: Average loss on test set on epoch 02: 2.73E-03
2019-06-01 20:34:00,598, DEBUG: Average loss on validation set on epoch 03: 2.27E-03
2019-06-01 20:34:00,598, DEBUG: Average loss on test set on epoch 03: 2.39E-03
2019-06-01 20:35:51,409, DEBUG: Average loss on validation set on epoch 04: 2.09E-03
2019-06-01 20:35:51,409, DEBUG: Average loss on test set on epoch 04: 2.18E-03
2019-06-01 20:37:43,710, DEBUG: Average loss on validation set on epoch 05: 2.07E-03
2019-06-01 20:37:43,711, DEBUG: Average loss on test set on epoch 05: 2.05E-03
2019-06-01 20:39:35,836, DEBUG: Average loss on validation set on epoch 06: 1.96E-03
2019-06-01 20:39:35,836, DEBUG: Average loss on test set on epoch 06: 1.96E-03
2019-06-01 20:41:28,758, DEBUG: Average loss on validation set on epoch 07: 1.89E-03
2019-06-01 20:41:28,758, DEBUG: Average loss on test set on epoch 07: 1.89E-03
2019-06-01 20:43:20,935, DEBUG: Average loss on validation set on epoch 08: 1.92E-03
2019-06-01 20:43:20,936, DEBUG: Average loss on test set on epoch 08: 1.84E-03
2019-06-01 20:45:13,316, DEBUG: Average loss on validation set on epoch 09: 1.94E-03
2019-06-01 20:45:13,317, DEBUG: Average loss on test set on epoch 09: 1.81E-03
2019-06-01 20:47:05,838, DEBUG: Average loss on validation set on epoch 10: 1.73E-03
2019-06-01 20:47:05,838, DEBUG: Average loss on test set on epoch 10: 1.78E-03
2019-06-01 20:48:58,157, DEBUG: Average loss on validation set on epoch 11: 1.82E-03
2019-06-01 20:48:58,158, DEBUG: Average loss on test set on epoch 11: 1.75E-03
2019-06-01 20:50:50,466, DEBUG: Average loss on validation set on epoch 12: 1.72E-03
2019-06-01 20:50:50,467, DEBUG: Average loss on test set on epoch 12: 1.73E-03
2019-06-01 20:52:42,950, DEBUG: Average loss on validation set on epoch 13: 1.68E-03
2019-06-01 20:52:42,950, DEBUG: Average loss on test set on epoch 13: 1.71E-03
2019-06-01 20:54:35,736, DEBUG: Average loss on validation set on epoch 14: 1.70E-03
2019-06-01 20:54:35,736, DEBUG: Average loss on test set on epoch 14: 1.69E-03
2019-06-01 20:56:28,622, DEBUG: Average loss on validation set on epoch 15: 1.65E-03
2019-06-01 20:56:28,622, DEBUG: Average loss on test set on epoch 15: 1.67E-03
2019-06-01 20:58:20,474, DEBUG: Average loss on validation set on epoch 16: 1.66E-03
2019-06-01 20:58:20,475, DEBUG: Average loss on test set on epoch 16: 1.66E-03
2019-06-01 21:00:13,336, DEBUG: Average loss on validation set on epoch 17: 1.65E-03
2019-06-01 21:00:13,337, DEBUG: Average loss on test set on epoch 17: 1.65E-03
2019-06-01 21:02:04,808, DEBUG: Average loss on validation set on epoch 18: 1.71E-03
2019-06-01 21:02:04,808, DEBUG: Average loss on test set on epoch 18: 1.63E-03
2019-06-01 21:03:57,323, DEBUG: Average loss on validation set on epoch 19: 1.71E-03
2019-06-01 21:03:57,325, DEBUG: Average loss on test set on epoch 19: 1.63E-03
2019-06-01 21:05:50,655, DEBUG: Average loss on validation set on epoch 20: 1.65E-03
2019-06-01 21:05:50,656, DEBUG: Average loss on test set on epoch 20: 1.61E-03
2019-06-01 21:07:43,624, DEBUG: Average loss on validation set on epoch 21: 1.60E-03
2019-06-01 21:07:43,625, DEBUG: Average loss on test set on epoch 21: 1.60E-03
2019-06-01 21:09:36,856, DEBUG: Average loss on validation set on epoch 22: 1.66E-03
2019-06-01 21:09:36,856, DEBUG: Average loss on test set on epoch 22: 1.59E-03
2019-06-01 21:11:29,920, DEBUG: Average loss on validation set on epoch 23: 1.59E-03
2019-06-01 21:11:29,922, DEBUG: Average loss on test set on epoch 23: 1.58E-03
2019-06-01 21:13:24,487, DEBUG: Average loss on validation set on epoch 24: 1.59E-03
2019-06-01 21:13:24,488, DEBUG: Average loss on test set on epoch 24: 1.57E-03
2019-06-01 21:15:15,897, DEBUG: Average loss on validation set on epoch 25: 1.58E-03
2019-06-01 21:15:15,898, DEBUG: Average loss on test set on epoch 25: 1.56E-03
2019-06-01 21:17:07,658, DEBUG: Average loss on validation set on epoch 26: 1.55E-03
2019-06-01 21:17:07,658, DEBUG: Average loss on test set on epoch 26: 1.56E-03
2019-06-01 21:18:58,528, DEBUG: Average loss on validation set on epoch 27: 1.57E-03
2019-06-01 21:18:58,528, DEBUG: Average loss on test set on epoch 27: 1.54E-03
2019-06-01 21:20:49,749, DEBUG: Average loss on validation set on epoch 28: 1.54E-03
2019-06-01 21:20:49,750, DEBUG: Average loss on test set on epoch 28: 1.54E-03
2019-06-01 21:22:41,168, DEBUG: Average loss on validation set on epoch 29: 1.55E-03
2019-06-01 21:22:41,169, DEBUG: Average loss on test set on epoch 29: 1.54E-03
2019-06-01 21:24:33,000, DEBUG: Average loss on validation set on epoch 30: 1.56E-03
2019-06-01 21:24:33,000, DEBUG: Average loss on test set on epoch 30: 1.52E-03
2019-06-01 21:26:24,336, DEBUG: Average loss on validation set on epoch 31: 1.63E-03
2019-06-01 21:26:24,336, DEBUG: Average loss on test set on epoch 31: 1.52E-03
2019-06-01 21:28:15,539, DEBUG: Average loss on validation set on epoch 32: 1.58E-03
2019-06-01 21:28:15,540, DEBUG: Average loss on test set on epoch 32: 1.51E-03
2019-06-01 21:30:07,063, DEBUG: Average loss on validation set on epoch 33: 1.52E-03
2019-06-01 21:30:07,063, DEBUG: Average loss on test set on epoch 33: 1.51E-03
2019-06-01 21:31:58,307, DEBUG: Average loss on validation set on epoch 34: 1.49E-03
2019-06-01 21:31:58,307, DEBUG: Average loss on test set on epoch 34: 1.51E-03
2019-06-01 21:33:49,480, DEBUG: Average loss on validation set on epoch 35: 1.50E-03
2019-06-01 21:33:49,481, DEBUG: Average loss on test set on epoch 35: 1.50E-03
2019-06-01 21:35:42,072, DEBUG: Average loss on validation set on epoch 36: 1.50E-03
2019-06-01 21:35:42,072, DEBUG: Average loss on test set on epoch 36: 1.49E-03
2019-06-01 21:37:33,830, DEBUG: Average loss on validation set on epoch 37: 1.51E-03
2019-06-01 21:37:33,830, DEBUG: Average loss on test set on epoch 37: 1.48E-03
2019-06-01 21:39:25,252, DEBUG: Average loss on validation set on epoch 38: 1.53E-03
2019-06-01 21:39:25,253, DEBUG: Average loss on test set on epoch 38: 1.49E-03
2019-06-01 21:41:17,041, DEBUG: Average loss on validation set on epoch 39: 1.47E-03
2019-06-01 21:41:17,042, DEBUG: Average loss on test set on epoch 39: 1.47E-03
2019-06-01 21:43:09,486, DEBUG: Average loss on validation set on epoch 40: 1.47E-03
2019-06-01 21:43:09,487, DEBUG: Average loss on test set on epoch 40: 1.46E-03
2019-06-01 21:45:01,327, DEBUG: Average loss on validation set on epoch 41: 1.60E-03
2019-06-01 21:45:01,327, DEBUG: Average loss on test set on epoch 41: 1.46E-03
2019-06-01 21:46:53,305, DEBUG: Average loss on validation set on epoch 42: 1.55E-03
2019-06-01 21:46:53,305, DEBUG: Average loss on test set on epoch 42: 1.46E-03
2019-06-01 21:48:45,071, DEBUG: Average loss on validation set on epoch 43: 1.48E-03
2019-06-01 21:48:45,071, DEBUG: Average loss on test set on epoch 43: 1.46E-03
2019-06-01 21:50:37,227, DEBUG: Average loss on validation set on epoch 44: 1.65E-03
2019-06-01 21:50:37,227, DEBUG: Average loss on test set on epoch 44: 1.45E-03
2019-06-01 21:52:29,248, DEBUG: Average loss on validation set on epoch 45: 1.47E-03
2019-06-01 21:52:29,249, DEBUG: Average loss on test set on epoch 45: 1.45E-03
2019-06-01 21:54:21,423, DEBUG: Average loss on validation set on epoch 46: 1.45E-03
2019-06-01 21:54:21,423, DEBUG: Average loss on test set on epoch 46: 1.44E-03
2019-06-01 21:56:13,206, DEBUG: Average loss on validation set on epoch 47: 1.49E-03
2019-06-01 21:56:13,207, DEBUG: Average loss on test set on epoch 47: 1.43E-03
2019-06-01 21:58:04,518, DEBUG: Average loss on validation set on epoch 48: 1.55E-03
2019-06-01 21:58:04,518, DEBUG: Average loss on test set on epoch 48: 1.43E-03
2019-06-01 21:59:55,175, DEBUG: Average loss on validation set on epoch 49: 1.48E-03
2019-06-01 21:59:55,175, DEBUG: Average loss on test set on epoch 49: 1.43E-03
2019-06-01 22:01:46,989, DEBUG: Average loss on validation set on epoch 50: 1.42E-03
2019-06-01 22:01:46,989, DEBUG: Average loss on test set on epoch 50: 1.42E-03
2019-06-01 22:03:38,696, DEBUG: Average loss on validation set on epoch 51: 1.47E-03
2019-06-01 22:03:38,696, DEBUG: Average loss on test set on epoch 51: 1.42E-03
2019-06-01 22:05:31,012, DEBUG: Average loss on validation set on epoch 52: 1.50E-03
2019-06-01 22:05:31,012, DEBUG: Average loss on test set on epoch 52: 1.41E-03
2019-06-01 22:07:22,156, DEBUG: Average loss on validation set on epoch 53: 1.46E-03
2019-06-01 22:07:22,156, DEBUG: Average loss on test set on epoch 53: 1.41E-03
2019-06-01 22:09:13,407, DEBUG: Average loss on validation set on epoch 54: 1.43E-03
2019-06-01 22:09:13,409, DEBUG: Average loss on test set on epoch 54: 1.41E-03
2019-06-01 22:11:05,597, DEBUG: Average loss on validation set on epoch 55: 1.43E-03
2019-06-01 22:11:05,598, DEBUG: Average loss on test set on epoch 55: 1.40E-03
2019-06-01 22:12:57,513, DEBUG: Average loss on validation set on epoch 56: 1.45E-03
2019-06-01 22:12:57,513, DEBUG: Average loss on test set on epoch 56: 1.40E-03
2019-06-01 22:14:48,701, DEBUG: Average loss on validation set on epoch 57: 1.43E-03
2019-06-01 22:14:48,701, DEBUG: Average loss on test set on epoch 57: 1.40E-03
2019-06-01 22:16:40,175, DEBUG: Average loss on validation set on epoch 58: 1.41E-03
2019-06-01 22:16:40,177, DEBUG: Average loss on test set on epoch 58: 1.39E-03
2019-06-01 22:18:31,953, DEBUG: Average loss on validation set on epoch 59: 1.42E-03
2019-06-01 22:18:31,954, DEBUG: Average loss on test set on epoch 59: 1.39E-03
2019-06-01 22:20:23,899, DEBUG: Average loss on validation set on epoch 60: 1.41E-03
2019-06-01 22:20:23,900, DEBUG: Average loss on test set on epoch 60: 1.39E-03
2019-06-01 22:22:17,068, DEBUG: Average loss on validation set on epoch 61: 1.40E-03
2019-06-01 22:22:17,069, DEBUG: Average loss on test set on epoch 61: 1.38E-03
2019-06-01 22:24:09,433, DEBUG: Average loss on validation set on epoch 62: 1.45E-03
2019-06-01 22:24:09,433, DEBUG: Average loss on test set on epoch 62: 1.38E-03
2019-06-01 22:26:01,198, DEBUG: Average loss on validation set on epoch 63: 1.45E-03
2019-06-01 22:26:01,199, DEBUG: Average loss on test set on epoch 63: 1.38E-03
2019-06-01 22:27:53,409, DEBUG: Average loss on validation set on epoch 64: 1.39E-03
2019-06-01 22:27:53,410, DEBUG: Average loss on test set on epoch 64: 1.37E-03
2019-06-01 22:29:45,758, DEBUG: Average loss on validation set on epoch 65: 1.40E-03
2019-06-01 22:29:45,760, DEBUG: Average loss on test set on epoch 65: 1.37E-03
2019-06-01 22:31:37,647, DEBUG: Average loss on validation set on epoch 66: 1.40E-03
2019-06-01 22:31:37,647, DEBUG: Average loss on test set on epoch 66: 1.37E-03
2019-06-01 22:33:29,496, DEBUG: Average loss on validation set on epoch 67: 1.43E-03
2019-06-01 22:33:29,497, DEBUG: Average loss on test set on epoch 67: 1.36E-03
2019-06-01 22:35:20,975, DEBUG: Average loss on validation set on epoch 68: 1.46E-03
2019-06-01 22:35:20,976, DEBUG: Average loss on test set on epoch 68: 1.36E-03
2019-06-01 22:37:12,687, DEBUG: Average loss on validation set on epoch 69: 1.42E-03
2019-06-01 22:37:12,688, DEBUG: Average loss on test set on epoch 69: 1.35E-03
2019-06-01 22:39:04,426, DEBUG: Average loss on validation set on epoch 70: 1.43E-03
2019-06-01 22:39:04,427, DEBUG: Average loss on test set on epoch 70: 1.36E-03
2019-06-01 22:40:56,107, DEBUG: Average loss on validation set on epoch 71: 1.47E-03
2019-06-01 22:40:56,109, DEBUG: Average loss on test set on epoch 71: 1.35E-03
2019-06-01 22:42:49,406, DEBUG: Average loss on validation set on epoch 72: 1.41E-03
2019-06-01 22:42:49,406, DEBUG: Average loss on test set on epoch 72: 1.35E-03
2019-06-01 22:44:41,339, DEBUG: Average loss on validation set on epoch 73: 1.37E-03
2019-06-01 22:44:41,340, DEBUG: Average loss on test set on epoch 73: 1.35E-03
2019-06-01 22:46:32,823, DEBUG: Average loss on validation set on epoch 74: 1.60E-03
2019-06-01 22:46:32,824, DEBUG: Average loss on test set on epoch 74: 1.34E-03
2019-06-01 22:48:24,374, DEBUG: Average loss on validation set on epoch 75: 1.43E-03
2019-06-01 22:48:24,374, DEBUG: Average loss on test set on epoch 75: 1.34E-03
2019-06-01 22:50:16,335, DEBUG: Average loss on validation set on epoch 76: 1.42E-03
2019-06-01 22:50:16,336, DEBUG: Average loss on test set on epoch 76: 1.34E-03
2019-06-01 22:52:06,681, DEBUG: Average loss on validation set on epoch 77: 1.37E-03
2019-06-01 22:52:06,682, DEBUG: Average loss on test set on epoch 77: 1.33E-03
2019-06-01 22:53:58,145, DEBUG: Average loss on validation set on epoch 78: 1.37E-03
2019-06-01 22:53:58,146, DEBUG: Average loss on test set on epoch 78: 1.33E-03
2019-06-01 22:55:50,143, DEBUG: Average loss on validation set on epoch 79: 1.41E-03
2019-06-01 22:55:50,143, DEBUG: Average loss on test set on epoch 79: 1.33E-03
2019-06-01 22:57:42,588, DEBUG: Average loss on validation set on epoch 80: 1.39E-03
2019-06-01 22:57:42,589, DEBUG: Average loss on test set on epoch 80: 1.33E-03
2019-06-01 22:59:34,400, DEBUG: Average loss on validation set on epoch 81: 1.38E-03
2019-06-01 22:59:34,401, DEBUG: Average loss on test set on epoch 81: 1.32E-03
2019-06-01 23:01:26,315, DEBUG: Average loss on validation set on epoch 82: 1.40E-03
2019-06-01 23:01:26,315, DEBUG: Average loss on test set on epoch 82: 1.32E-03
2019-06-01 23:03:18,552, DEBUG: Average loss on validation set on epoch 83: 1.37E-03
2019-06-01 23:03:18,552, DEBUG: Average loss on test set on epoch 83: 1.32E-03
2019-06-01 23:05:10,086, DEBUG: Average loss on validation set on epoch 84: 1.37E-03
2019-06-01 23:05:10,087, DEBUG: Average loss on test set on epoch 84: 1.33E-03
2019-06-01 23:07:05,065, DEBUG: Average loss on validation set on epoch 85: 1.44E-03
2019-06-01 23:07:05,065, DEBUG: Average loss on test set on epoch 85: 1.31E-03
2019-06-01 23:08:57,373, DEBUG: Average loss on validation set on epoch 86: 1.35E-03
2019-06-01 23:08:57,374, DEBUG: Average loss on test set on epoch 86: 1.31E-03
2019-06-01 23:10:49,087, DEBUG: Average loss on validation set on epoch 87: 1.36E-03
2019-06-01 23:10:49,087, DEBUG: Average loss on test set on epoch 87: 1.31E-03
2019-06-01 23:12:40,022, DEBUG: Average loss on validation set on epoch 88: 1.36E-03
2019-06-01 23:12:40,023, DEBUG: Average loss on test set on epoch 88: 1.30E-03
2019-06-01 23:14:32,118, DEBUG: Average loss on validation set on epoch 89: 1.34E-03
2019-06-01 23:14:32,118, DEBUG: Average loss on test set on epoch 89: 1.30E-03
2019-06-01 23:16:24,141, DEBUG: Average loss on validation set on epoch 90: 1.35E-03
2019-06-01 23:16:24,141, DEBUG: Average loss on test set on epoch 90: 1.30E-03
2019-06-01 23:18:15,853, DEBUG: Average loss on validation set on epoch 91: 1.34E-03
2019-06-01 23:18:15,854, DEBUG: Average loss on test set on epoch 91: 1.30E-03
2019-06-01 23:20:07,806, DEBUG: Average loss on validation set on epoch 92: 1.39E-03
2019-06-01 23:20:07,807, DEBUG: Average loss on test set on epoch 92: 1.29E-03
2019-06-01 23:22:00,385, DEBUG: Average loss on validation set on epoch 93: 1.35E-03
2019-06-01 23:22:00,386, DEBUG: Average loss on test set on epoch 93: 1.29E-03
2019-06-01 23:23:51,593, DEBUG: Average loss on validation set on epoch 94: 1.33E-03
2019-06-01 23:23:51,594, DEBUG: Average loss on test set on epoch 94: 1.29E-03
2019-06-01 23:25:44,272, DEBUG: Average loss on validation set on epoch 95: 1.35E-03
2019-06-01 23:25:44,272, DEBUG: Average loss on test set on epoch 95: 1.29E-03
2019-06-01 23:27:37,599, DEBUG: Average loss on validation set on epoch 96: 1.36E-03
2019-06-01 23:27:37,599, DEBUG: Average loss on test set on epoch 96: 1.29E-03
2019-06-01 23:29:29,686, DEBUG: Average loss on validation set on epoch 97: 1.34E-03
2019-06-01 23:29:29,688, DEBUG: Average loss on test set on epoch 97: 1.28E-03
2019-06-01 23:31:21,538, DEBUG: Average loss on validation set on epoch 98: 1.33E-03
2019-06-01 23:31:21,539, DEBUG: Average loss on test set on epoch 98: 1.28E-03
2019-06-01 23:33:13,734, DEBUG: Average loss on validation set on epoch 99: 1.36E-03
2019-06-01 23:33:13,735, DEBUG: Average loss on test set on epoch 99: 1.28E-03
2019-06-01 23:33:13,894, INFO: Finish imitation learning. Weights saved.
2019-06-01 23:33:13,894, INFO: Experience train_set size: 100000/100000
2019-06-01 23:33:13,894, INFO: Experience validation_set size: 36852/100000
2019-06-01 23:33:13,962, INFO: VAL   in episode 0 has success rate: 1.00, collision rate: 0.00, nav time: 9.40, total reward: 0.7229
2019-06-01 23:33:13,962, INFO: Frequency of being in danger: 4.26 and average min separate distance in danger: 0.07
