2019-06-02 15:18:31,778, INFO: Using device: cpu
2019-06-02 15:18:32,950, INFO: Starting imitation learning on 1000 training episodes and 1 validation episodes
2019-06-02 15:19:05,611, INFO: TRAIN has success rate: 1.00, collision rate: 0.00, nav time: 10.00, total reward: 1.8385
2019-06-02 15:21:50,636, DEBUG: Average loss on validation set on epoch 00: 1.26E-02
2019-06-02 15:21:50,638, DEBUG: Average loss on test set on epoch 00: 1.96E-02
2019-06-02 15:24:28,240, DEBUG: Average loss on validation set on epoch 01: 4.60E-03
2019-06-02 15:24:28,241, DEBUG: Average loss on test set on epoch 01: 5.72E-03
2019-06-02 15:27:20,772, DEBUG: Average loss on validation set on epoch 02: 2.89E-03
2019-06-02 15:27:20,772, DEBUG: Average loss on test set on epoch 02: 4.00E-03
2019-06-02 15:30:10,478, DEBUG: Average loss on validation set on epoch 03: 1.93E-03
2019-06-02 15:30:10,478, DEBUG: Average loss on test set on epoch 03: 3.37E-03
2019-06-02 15:33:04,862, DEBUG: Average loss on validation set on epoch 04: 1.49E-03
2019-06-02 15:33:04,862, DEBUG: Average loss on test set on epoch 04: 2.99E-03
2019-06-02 15:35:53,744, DEBUG: Average loss on validation set on epoch 05: 1.39E-03
2019-06-02 15:35:53,744, DEBUG: Average loss on test set on epoch 05: 2.78E-03
2019-06-02 15:38:40,230, DEBUG: Average loss on validation set on epoch 06: 1.26E-03
2019-06-02 15:38:40,231, DEBUG: Average loss on test set on epoch 06: 2.56E-03
2019-06-02 15:41:22,894, DEBUG: Average loss on validation set on epoch 07: 1.14E-03
2019-06-02 15:41:22,894, DEBUG: Average loss on test set on epoch 07: 2.42E-03
2019-06-02 15:44:06,796, DEBUG: Average loss on validation set on epoch 08: 9.83E-04
2019-06-02 15:44:06,796, DEBUG: Average loss on test set on epoch 08: 2.29E-03
2019-06-02 15:46:46,413, DEBUG: Average loss on validation set on epoch 09: 1.13E-03
2019-06-02 15:46:46,414, DEBUG: Average loss on test set on epoch 09: 2.24E-03
2019-06-02 15:49:22,259, DEBUG: Average loss on validation set on epoch 10: 1.13E-03
2019-06-02 15:49:22,259, DEBUG: Average loss on test set on epoch 10: 2.14E-03
2019-06-02 15:52:00,214, DEBUG: Average loss on validation set on epoch 11: 8.45E-04
2019-06-02 15:52:00,214, DEBUG: Average loss on test set on epoch 11: 2.07E-03
2019-06-02 15:54:31,581, DEBUG: Average loss on validation set on epoch 12: 1.19E-03
2019-06-02 15:54:31,581, DEBUG: Average loss on test set on epoch 12: 2.04E-03
2019-06-02 15:57:11,172, DEBUG: Average loss on validation set on epoch 13: 9.20E-04
2019-06-02 15:57:11,172, DEBUG: Average loss on test set on epoch 13: 1.97E-03
2019-06-02 15:59:40,299, DEBUG: Average loss on validation set on epoch 14: 8.08E-04
2019-06-02 15:59:40,299, DEBUG: Average loss on test set on epoch 14: 1.93E-03
2019-06-02 16:02:36,653, DEBUG: Average loss on validation set on epoch 15: 1.15E-03
2019-06-02 16:02:36,654, DEBUG: Average loss on test set on epoch 15: 1.89E-03
2019-06-02 16:05:22,881, DEBUG: Average loss on validation set on epoch 16: 9.68E-04
2019-06-02 16:05:22,881, DEBUG: Average loss on test set on epoch 16: 1.85E-03
2019-06-02 16:08:03,905, DEBUG: Average loss on validation set on epoch 17: 8.81E-04
2019-06-02 16:08:03,905, DEBUG: Average loss on test set on epoch 17: 1.82E-03
2019-06-02 16:10:42,226, DEBUG: Average loss on validation set on epoch 18: 9.17E-04
2019-06-02 16:10:42,226, DEBUG: Average loss on test set on epoch 18: 1.80E-03
2019-06-02 16:13:21,878, DEBUG: Average loss on validation set on epoch 19: 8.61E-04
2019-06-02 16:13:21,878, DEBUG: Average loss on test set on epoch 19: 1.79E-03
2019-06-02 16:16:04,314, DEBUG: Average loss on validation set on epoch 20: 1.21E-03
2019-06-02 16:16:04,314, DEBUG: Average loss on test set on epoch 20: 1.77E-03
2019-06-02 16:18:47,816, DEBUG: Average loss on validation set on epoch 21: 8.39E-04
2019-06-02 16:18:47,817, DEBUG: Average loss on test set on epoch 21: 1.76E-03
2019-06-02 16:21:27,745, DEBUG: Average loss on validation set on epoch 22: 9.58E-04
2019-06-02 16:21:27,745, DEBUG: Average loss on test set on epoch 22: 1.73E-03
2019-06-02 16:24:10,110, DEBUG: Average loss on validation set on epoch 23: 9.47E-04
2019-06-02 16:24:10,111, DEBUG: Average loss on test set on epoch 23: 1.72E-03
2019-06-02 16:26:55,022, DEBUG: Average loss on validation set on epoch 24: 1.08E-03
2019-06-02 16:26:55,024, DEBUG: Average loss on test set on epoch 24: 1.70E-03
2019-06-02 16:29:41,027, DEBUG: Average loss on validation set on epoch 25: 8.50E-04
2019-06-02 16:29:41,028, DEBUG: Average loss on test set on epoch 25: 1.67E-03
2019-06-02 16:32:22,000, DEBUG: Average loss on validation set on epoch 26: 9.57E-04
2019-06-02 16:32:22,002, DEBUG: Average loss on test set on epoch 26: 1.66E-03
2019-06-02 16:35:04,732, DEBUG: Average loss on validation set on epoch 27: 7.42E-04
2019-06-02 16:35:04,734, DEBUG: Average loss on test set on epoch 27: 1.66E-03
2019-06-02 16:37:39,794, DEBUG: Average loss on validation set on epoch 28: 1.05E-03
2019-06-02 16:37:39,796, DEBUG: Average loss on test set on epoch 28: 1.66E-03
2019-06-02 16:40:17,335, DEBUG: Average loss on validation set on epoch 29: 9.18E-04
2019-06-02 16:40:17,339, DEBUG: Average loss on test set on epoch 29: 1.63E-03
2019-06-02 16:43:02,950, DEBUG: Average loss on validation set on epoch 30: 9.93E-04
2019-06-02 16:43:02,950, DEBUG: Average loss on test set on epoch 30: 1.62E-03
2019-06-02 16:45:49,772, DEBUG: Average loss on validation set on epoch 31: 7.59E-04
2019-06-02 16:45:49,773, DEBUG: Average loss on test set on epoch 31: 1.62E-03
2019-06-02 16:48:31,705, DEBUG: Average loss on validation set on epoch 32: 7.89E-04
2019-06-02 16:48:31,705, DEBUG: Average loss on test set on epoch 32: 1.60E-03
2019-06-02 16:51:14,021, DEBUG: Average loss on validation set on epoch 33: 8.49E-04
2019-06-02 16:51:14,023, DEBUG: Average loss on test set on epoch 33: 1.61E-03
2019-06-02 16:53:56,751, DEBUG: Average loss on validation set on epoch 34: 7.60E-04
2019-06-02 16:53:56,753, DEBUG: Average loss on test set on epoch 34: 1.60E-03
2019-06-02 16:56:39,210, DEBUG: Average loss on validation set on epoch 35: 7.70E-04
2019-06-02 16:56:39,212, DEBUG: Average loss on test set on epoch 35: 1.58E-03
2019-06-02 16:59:17,407, DEBUG: Average loss on validation set on epoch 36: 7.78E-04
2019-06-02 16:59:17,409, DEBUG: Average loss on test set on epoch 36: 1.57E-03
2019-06-02 17:01:56,538, DEBUG: Average loss on validation set on epoch 37: 9.36E-04
2019-06-02 17:01:56,539, DEBUG: Average loss on test set on epoch 37: 1.58E-03
2019-06-02 17:04:33,499, DEBUG: Average loss on validation set on epoch 38: 9.51E-04
2019-06-02 17:04:33,499, DEBUG: Average loss on test set on epoch 38: 1.57E-03
2019-06-02 17:07:13,231, DEBUG: Average loss on validation set on epoch 39: 7.85E-04
2019-06-02 17:07:13,233, DEBUG: Average loss on test set on epoch 39: 1.57E-03
2019-06-02 17:09:51,133, DEBUG: Average loss on validation set on epoch 40: 1.16E-03
2019-06-02 17:09:51,135, DEBUG: Average loss on test set on epoch 40: 1.56E-03
2019-06-02 17:12:26,745, DEBUG: Average loss on validation set on epoch 41: 8.61E-04
2019-06-02 17:12:26,746, DEBUG: Average loss on test set on epoch 41: 1.54E-03
2019-06-02 17:15:37,475, DEBUG: Average loss on validation set on epoch 42: 8.89E-04
2019-06-02 17:15:37,480, DEBUG: Average loss on test set on epoch 42: 1.55E-03
2019-06-02 17:19:42,480, DEBUG: Average loss on validation set on epoch 43: 7.35E-04
2019-06-02 17:19:42,482, DEBUG: Average loss on test set on epoch 43: 1.53E-03
2019-06-02 17:23:49,997, DEBUG: Average loss on validation set on epoch 44: 9.62E-04
2019-06-02 17:23:50,001, DEBUG: Average loss on test set on epoch 44: 1.55E-03
2019-06-02 17:27:09,465, DEBUG: Average loss on validation set on epoch 45: 7.75E-04
2019-06-02 17:27:09,466, DEBUG: Average loss on test set on epoch 45: 1.52E-03
2019-06-02 17:29:44,085, DEBUG: Average loss on validation set on epoch 46: 1.08E-03
2019-06-02 17:29:44,086, DEBUG: Average loss on test set on epoch 46: 1.52E-03
2019-06-02 17:32:15,675, DEBUG: Average loss on validation set on epoch 47: 8.04E-04
2019-06-02 17:32:15,677, DEBUG: Average loss on test set on epoch 47: 1.51E-03
2019-06-02 17:34:47,750, DEBUG: Average loss on validation set on epoch 48: 7.83E-04
2019-06-02 17:34:47,751, DEBUG: Average loss on test set on epoch 48: 1.50E-03
2019-06-02 17:37:20,655, DEBUG: Average loss on validation set on epoch 49: 8.69E-04
2019-06-02 17:37:20,657, DEBUG: Average loss on test set on epoch 49: 1.50E-03
2019-06-02 17:39:52,984, DEBUG: Average loss on validation set on epoch 50: 7.91E-04
2019-06-02 17:39:52,984, DEBUG: Average loss on test set on epoch 50: 1.50E-03
2019-06-02 17:42:25,996, DEBUG: Average loss on validation set on epoch 51: 6.88E-04
2019-06-02 17:42:25,998, DEBUG: Average loss on test set on epoch 51: 1.49E-03
2019-06-02 17:44:58,751, DEBUG: Average loss on validation set on epoch 52: 7.19E-04
2019-06-02 17:44:58,751, DEBUG: Average loss on test set on epoch 52: 1.49E-03
2019-06-02 17:47:30,911, DEBUG: Average loss on validation set on epoch 53: 7.71E-04
2019-06-02 17:47:30,914, DEBUG: Average loss on test set on epoch 53: 1.47E-03
2019-06-02 17:50:08,638, DEBUG: Average loss on validation set on epoch 54: 7.14E-04
2019-06-02 17:50:08,638, DEBUG: Average loss on test set on epoch 54: 1.48E-03
2019-06-02 17:53:13,954, DEBUG: Average loss on validation set on epoch 55: 9.02E-04
2019-06-02 17:53:13,958, DEBUG: Average loss on test set on epoch 55: 1.49E-03
2019-06-02 17:56:21,180, DEBUG: Average loss on validation set on epoch 56: 9.04E-04
2019-06-02 17:56:21,183, DEBUG: Average loss on test set on epoch 56: 1.50E-03
2019-06-02 17:59:51,723, DEBUG: Average loss on validation set on epoch 57: 7.08E-04
2019-06-02 17:59:51,725, DEBUG: Average loss on test set on epoch 57: 1.47E-03
2019-06-02 18:03:41,511, DEBUG: Average loss on validation set on epoch 58: 8.88E-04
2019-06-02 18:03:41,516, DEBUG: Average loss on test set on epoch 58: 1.48E-03
2019-06-02 18:06:29,759, DEBUG: Average loss on validation set on epoch 59: 9.56E-04
2019-06-02 18:06:29,761, DEBUG: Average loss on test set on epoch 59: 1.46E-03
2019-06-02 18:09:26,271, DEBUG: Average loss on validation set on epoch 60: 6.90E-04
2019-06-02 18:09:26,273, DEBUG: Average loss on test set on epoch 60: 1.46E-03
2019-06-02 18:12:10,422, DEBUG: Average loss on validation set on epoch 61: 8.37E-04
2019-06-02 18:12:10,423, DEBUG: Average loss on test set on epoch 61: 1.46E-03
2019-06-02 18:14:58,878, DEBUG: Average loss on validation set on epoch 62: 9.58E-04
2019-06-02 18:14:58,878, DEBUG: Average loss on test set on epoch 62: 1.45E-03
2019-06-02 18:17:41,957, DEBUG: Average loss on validation set on epoch 63: 7.71E-04
2019-06-02 18:17:41,958, DEBUG: Average loss on test set on epoch 63: 1.44E-03
2019-06-02 18:20:24,219, DEBUG: Average loss on validation set on epoch 64: 7.81E-04
2019-06-02 18:20:24,220, DEBUG: Average loss on test set on epoch 64: 1.46E-03
2019-06-02 18:23:02,319, DEBUG: Average loss on validation set on epoch 65: 9.19E-04
2019-06-02 18:23:02,321, DEBUG: Average loss on test set on epoch 65: 1.44E-03
2019-06-02 18:25:40,737, DEBUG: Average loss on validation set on epoch 66: 8.29E-04
2019-06-02 18:25:40,737, DEBUG: Average loss on test set on epoch 66: 1.43E-03
2019-06-02 18:28:15,805, DEBUG: Average loss on validation set on epoch 67: 8.84E-04
2019-06-02 18:28:15,807, DEBUG: Average loss on test set on epoch 67: 1.43E-03
2019-06-02 18:30:54,737, DEBUG: Average loss on validation set on epoch 68: 7.76E-04
2019-06-02 18:30:54,737, DEBUG: Average loss on test set on epoch 68: 1.43E-03
2019-06-02 18:33:27,883, DEBUG: Average loss on validation set on epoch 69: 7.70E-04
2019-06-02 18:33:27,883, DEBUG: Average loss on test set on epoch 69: 1.43E-03
2019-06-02 18:36:05,931, DEBUG: Average loss on validation set on epoch 70: 9.92E-04
2019-06-02 18:36:05,933, DEBUG: Average loss on test set on epoch 70: 1.42E-03
2019-06-02 18:38:52,058, DEBUG: Average loss on validation set on epoch 71: 9.57E-04
2019-06-02 18:38:52,059, DEBUG: Average loss on test set on epoch 71: 1.42E-03
2019-06-02 18:41:36,327, DEBUG: Average loss on validation set on epoch 72: 8.59E-04
2019-06-02 18:41:36,328, DEBUG: Average loss on test set on epoch 72: 1.41E-03
2019-06-02 18:44:11,224, DEBUG: Average loss on validation set on epoch 73: 8.82E-04
2019-06-02 18:44:11,226, DEBUG: Average loss on test set on epoch 73: 1.42E-03
2019-06-02 18:46:49,680, DEBUG: Average loss on validation set on epoch 74: 8.19E-04
2019-06-02 18:46:49,680, DEBUG: Average loss on test set on epoch 74: 1.42E-03
2019-06-02 18:49:28,375, DEBUG: Average loss on validation set on epoch 75: 8.02E-04
2019-06-02 18:49:28,375, DEBUG: Average loss on test set on epoch 75: 1.40E-03
2019-06-02 18:52:07,253, DEBUG: Average loss on validation set on epoch 76: 7.17E-04
2019-06-02 18:52:07,255, DEBUG: Average loss on test set on epoch 76: 1.41E-03
2019-06-02 18:54:45,526, DEBUG: Average loss on validation set on epoch 77: 8.13E-04
2019-06-02 18:54:45,526, DEBUG: Average loss on test set on epoch 77: 1.41E-03
2019-06-02 18:57:24,742, DEBUG: Average loss on validation set on epoch 78: 8.61E-04
2019-06-02 18:57:24,744, DEBUG: Average loss on test set on epoch 78: 1.40E-03
2019-06-02 19:00:03,481, DEBUG: Average loss on validation set on epoch 79: 8.33E-04
2019-06-02 19:00:03,482, DEBUG: Average loss on test set on epoch 79: 1.40E-03
2019-06-02 19:02:42,643, DEBUG: Average loss on validation set on epoch 80: 8.28E-04
2019-06-02 19:02:42,645, DEBUG: Average loss on test set on epoch 80: 1.39E-03
2019-06-02 19:05:21,337, DEBUG: Average loss on validation set on epoch 81: 7.69E-04
2019-06-02 19:05:21,337, DEBUG: Average loss on test set on epoch 81: 1.38E-03
2019-06-02 19:08:01,037, DEBUG: Average loss on validation set on epoch 82: 9.12E-04
2019-06-02 19:08:01,037, DEBUG: Average loss on test set on epoch 82: 1.40E-03
2019-06-02 19:10:37,152, DEBUG: Average loss on validation set on epoch 83: 8.11E-04
2019-06-02 19:10:37,154, DEBUG: Average loss on test set on epoch 83: 1.39E-03
2019-06-02 19:13:12,721, DEBUG: Average loss on validation set on epoch 84: 8.70E-04
2019-06-02 19:13:12,721, DEBUG: Average loss on test set on epoch 84: 1.38E-03
2019-06-02 19:15:50,887, DEBUG: Average loss on validation set on epoch 85: 6.77E-04
2019-06-02 19:15:50,889, DEBUG: Average loss on test set on epoch 85: 1.37E-03
2019-06-02 19:18:33,880, DEBUG: Average loss on validation set on epoch 86: 8.40E-04
2019-06-02 19:18:33,881, DEBUG: Average loss on test set on epoch 86: 1.38E-03
